Info: Starting: Create block symbol file (.bsf)
Info: qsys-generate C:\Users\Schul\Entwicklung\QuartusProjekte\Abschlussprojekt\Kamera_UART_transfer\pll.qsys --block-symbol-file --output-directory=C:\Users\Schul\Entwicklung\QuartusProjekte\Abschlussprojekt\Kamera_UART_transfer\pll --family="Cyclone IV E" --part=EP4CE115F29C7
Progress: Loading Kamera_UART_transfer/pll.qsys
Progress: Reading input file
Progress: Adding altpll_0 [altpll 20.1]
Progress: Parameterizing module altpll_0
Progress: Adding altpll_1 [altpll 20.1]
Progress: Parameterizing module altpll_1
Progress: Adding altpll_2 [altpll 20.1]
Progress: Parameterizing module altpll_2
Progress: Adding clk_0 [clock_source 20.1]
Progress: Parameterizing module clk_0
Progress: Building connections
Progress: Parameterizing connections
Progress: Validating
Progress: Done reading input file
Warning: pll.altpll_0: altpll_0.areset_conduit must be exported, or connected to a matching conduit.
Warning: pll.altpll_0: altpll_0.locked_conduit must be exported, or connected to a matching conduit.
Warning: pll.altpll_1: altpll_1.areset_conduit must be exported, or connected to a matching conduit.
Warning: pll.altpll_1: altpll_1.locked_conduit must be exported, or connected to a matching conduit.
Warning: pll.altpll_2: altpll_2.areset_conduit must be exported, or connected to a matching conduit.
Warning: pll.altpll_2: altpll_2.locked_conduit must be exported, or connected to a matching conduit.
Warning: pll.altpll_0: altpll_0.pll_slave must be connected to an Avalon-MM master
Warning: pll.altpll_1: altpll_1.pll_slave must be connected to an Avalon-MM master
Warning: pll.altpll_2: altpll_2.pll_slave must be connected to an Avalon-MM master
Info: qsys-generate succeeded.
Info: Finished: Create block symbol file (.bsf)
Info: 
Info: Starting: Create HDL design files for synthesis
Info: qsys-generate C:\Users\Schul\Entwicklung\QuartusProjekte\Abschlussprojekt\Kamera_UART_transfer\pll.qsys --synthesis=VHDL --output-directory=C:\Users\Schul\Entwicklung\QuartusProjekte\Abschlussprojekt\Kamera_UART_transfer\pll\synthesis --family="Cyclone IV E" --part=EP4CE115F29C7
Progress: Loading Kamera_UART_transfer/pll.qsys
Progress: Reading input file
Progress: Adding altpll_0 [altpll 20.1]
Progress: Parameterizing module altpll_0
Progress: Adding altpll_1 [altpll 20.1]
Progress: Parameterizing module altpll_1
Progress: Adding altpll_2 [altpll 20.1]
Progress: Parameterizing module altpll_2
Progress: Adding clk_0 [clock_source 20.1]
Progress: Parameterizing module clk_0
Progress: Building connections
Progress: Parameterizing connections
Progress: Validating
Progress: Done reading input file
Warning: pll.altpll_0: altpll_0.areset_conduit must be exported, or connected to a matching conduit.
Warning: pll.altpll_0: altpll_0.locked_conduit must be exported, or connected to a matching conduit.
Warning: pll.altpll_1: altpll_1.areset_conduit must be exported, or connected to a matching conduit.
Warning: pll.altpll_1: altpll_1.locked_conduit must be exported, or connected to a matching conduit.
Warning: pll.altpll_2: altpll_2.areset_conduit must be exported, or connected to a matching conduit.
Warning: pll.altpll_2: altpll_2.locked_conduit must be exported, or connected to a matching conduit.
Warning: pll.altpll_0: altpll_0.pll_slave must be connected to an Avalon-MM master
Warning: pll.altpll_1: altpll_1.pll_slave must be connected to an Avalon-MM master
Warning: pll.altpll_2: altpll_2.pll_slave must be connected to an Avalon-MM master
Info: pll: Generating pll "pll" for QUARTUS_SYNTH
Info: altpll_0: "pll" instantiated altpll "altpll_0"
Info: altpll_1: "pll" instantiated altpll "altpll_1"
Info: altpll_2: "pll" instantiated altpll "altpll_2"
Info: rst_controller: "pll" instantiated altera_reset_controller "rst_controller"
Info: pll: Done "pll" with 5 modules, 7 files
Info: qsys-generate succeeded.
Info: Finished: Create HDL design files for synthesis
